<?xml version="1.0" encoding="UTF-8"?>
<testsuite name="Swagger Prj.Swagger testing 1" tests="1" failures="0" errors="0" time="4.582"><properties><property name="awt.toolkit" value="sun.awt.windows.WToolkit"/><property name="java.specification.version" value="11"/><property name="sun.cpu.isalist" value="amd64"/><property name="sun.jnu.encoding" value="Cp1252"/><property name="sun.arch.data.model" value="64"/><property name="java.vendor.url" value="https://openjdk.java.net/"/><property name="sun.boot.library.path" value="C:\Program Files\Java\jdk-11.0.15\bin"/><property name="sun.java.command" value="org.codehaus.plexus.classworlds.launcher.Launcher test"/><property name="jdk.debug" value="release"/><property name="maven.home" value="D:\apache-maven-3.8.6-bin\apache-maven-3.8.6"/><property name="sun.stderr.encoding" value="cp437"/><property name="java.specification.vendor" value="Oracle Corporation"/><property name="java.version.date" value="2022-04-19"/><property name="java.home" value="C:\Program Files\Java\jdk-11.0.15"/><property name="file.separator" value="\"/><property name="java.vm.compressedOopsMode" value="32-bit"/><property name="line.separator" value="
"/><property name="sun.stdout.encoding" value="cp437"/><property name="java.specification.name" value="Java Platform API Specification"/><property name="java.vm.specification.vendor" value="Oracle Corporation"/><property name="user.script" value=""/><property name="sun.management.compiler" value="HotSpot 64-Bit Tiered Compilers"/><property name="java.runtime.version" value="11.0.15+8-LTS-149"/><property name="user.name" value="Pradeep"/><property name="file.encoding" value="Cp1252"/><property name="guice.disable.misplaced.annotation.check" value="true"/><property name="java.vendor.version" value="18.9"/><property name="java.io.tmpdir" value="C:\Users\Pradeep\AppData\Local\Temp\"/><property name="java.version" value="11.0.15"/><property name="java.vm.specification.name" value="Java Virtual Machine Specification"/><property name="java.awt.printerjob" value="sun.awt.windows.WPrinterJob"/><property name="sun.os.patch.level" value=""/><property name="java.library.path" value="C:\Program Files\Java\jdk-11.0.15\bin;C:\Windows\Sun\Java\bin;C:\Windows\system32;C:\Windows;D:\apache-maven-3.8.6-bin\apache-maven-3.8.6\bin;C:\Program Files\Java\jdk-11.0.15\bin;."/><property name="java.vendor" value="Oracle Corporation"/><property name="classworlds.conf" value="D:\apache-maven-3.8.6-bin\apache-maven-3.8.6\bin\m2.conf"/><property name="sun.io.unicode.encoding" value="UnicodeLittle"/><property name="library.jansi.path" value="D:\apache-maven-3.8.6-bin\apache-maven-3.8.6\lib\jansi-native"/><property name="sun.desktop" value="windows"/><property name="java.class.path" value="D:\apache-maven-3.8.6-bin\apache-maven-3.8.6\boot\plexus-classworlds-2.6.0.jar"/><property name="sun.awt.enableExtraMouseButtons" value="true"/><property name="java.vm.vendor" value="Oracle Corporation"/><property name="user.variant" value=""/><property name="user.timezone" value="Asia/Calcutta"/><property name="maven.conf" value="D:\apache-maven-3.8.6-bin\apache-maven-3.8.6/conf"/><property name="os.name" value="Windows 8.1"/><property name="java.vm.specification.version" value="11"/><property name="sun.java.launcher" value="SUN_STANDARD"/><property name="user.country" value="US"/><property name="sun.cpu.endian" value="little"/><property name="user.home" value="C:\Users\Pradeep"/><property name="user.language" value="en"/><property name="java.awt.graphicsenv" value="sun.awt.Win32GraphicsEnvironment"/><property name="path.separator" value=";"/><property name="os.version" value="6.3"/><property name="java.runtime.name" value="Java(TM) SE Runtime Environment"/><property name="java.vm.name" value="Java HotSpot(TM) 64-Bit Server VM"/><property name="java.vendor.url.bug" value="https://bugreport.java.com/bugreport/"/><property name="user.dir" value="D:\MoolyaEd Training\New folder\my-app"/><property name="os.arch" value="amd64"/><property name="maven.multiModuleProjectDirectory" value="D:\MoolyaEd Training\New folder\my-app"/><property name="java.vm.info" value="mixed mode"/><property name="java.vm.version" value="11.0.15+8-LTS-149"/><property name="java.class.version" value="55.0"/></properties><testcase name="TestCase 1" time="4.582"/></testsuite>